  Obstacle.cpp
  코드를 생성하고 있습니다...
  컴파일하고 있습니다...
  UIManager.cpp
  SpawnManager.cpp
c:\users\jbs\documents\github\apiteamproject2\07-29\framework99c\framework99c\spawnmanager.cpp(783): warning C4244: '인수': 'int'에서 'float'(으)로 변환하면서 데이터가 손실될 수 있습니다.
c:\users\jbs\documents\github\apiteamproject2\07-29\framework99c\framework99c\spawnmanager.cpp(803): warning C4244: '인수': 'int'에서 'float'(으)로 변환하면서 데이터가 손실될 수 있습니다.
c:\users\jbs\documents\github\apiteamproject2\07-29\framework99c\framework99c\spawnmanager.cpp(823): warning C4244: '인수': 'int'에서 'float'(으)로 변환하면서 데이터가 손실될 수 있습니다.
  Shield.cpp
  Player.cpp
  ObjectMgr.cpp
  Mouse.cpp
  Monster.cpp
  Maingame.cpp
  Jelly.cpp
  Item.cpp
  GuideBullet.cpp
  GameObject.cpp
  Floor.cpp
  CollsionMgr.cpp
  Center.cpp
  Bullet.cpp
  BackGround.cpp
  코드를 생성하고 있습니다...
  건너뛰고 있습니다... (관련된 변경 내용 없음)
  EffectManager.cpp
  BitManager.cpp
  Framework99C.vcxproj -> C:\Users\JBS\Documents\GitHub\APITeamProject2\07-29\Framework99C\Debug\Framework99C.exe
  Framework99C.vcxproj -> C:\Users\JBS\Documents\GitHub\APITeamProject2\07-29\Framework99C\Debug\Framework99C.pdb (Full PDB)
